2024/06/19 17:47:30 wazuh-modulesd:router: INFO: Loaded router module.
2024/06/19 17:47:30 wazuh-modulesd:content_manager: INFO: Loaded content_manager module.
2024/06/19 17:47:32 wazuh-csyslogd: INFO: Remote syslog server not configured. Clean exit.
2024/06/19 17:47:32 wazuh-dbd: INFO: Database not configured. Clean exit.
2024/06/19 17:47:32 wazuh-integratord: INFO: Remote integrations not configured. Clean exit.
2024/06/19 17:47:32 wazuh-agentlessd: INFO: Not configured. Exiting.
2024/06/19 17:47:32 wazuh-authd: INFO: Started (pid: 50757).
2024/06/19 17:47:32 wazuh-authd: INFO: Accepting connections on port 1515. No password required.
2024/06/19 17:47:32 wazuh-db: INFO: Started (pid: 50767).
2024/06/19 17:47:32 wazuh-authd: INFO: Setting network timeout to 1.000000 sec.
2024/06/19 17:47:32 wazuh-execd: INFO: Started (pid: 50781).
2024/06/19 17:47:33 wazuh-db: INFO: Created Global database backup "backup/db/global.db-backup-2024-06-19-17:47:33.gz"
2024/06/19 17:47:33 wazuh-syscheckd: INFO: Started (pid: 50816).
2024/06/19 17:47:33 wazuh-syscheckd: INFO: (6003): Monitoring path: '/bin', with options 'size | permissions | owner | group | mtime | inode | hash_md5 | hash_sha1 | hash_sha256 | scheduled'.
2024/06/19 17:47:33 wazuh-syscheckd: INFO: (6003): Monitoring path: '/boot', with options 'size | permissions | owner | group | mtime | inode | hash_md5 | hash_sha1 | hash_sha256 | scheduled'.
2024/06/19 17:47:33 wazuh-syscheckd: INFO: (6003): Monitoring path: '/etc', with options 'size | permissions | owner | group | mtime | inode | hash_md5 | hash_sha1 | hash_sha256 | scheduled'.
2024/06/19 17:47:33 wazuh-syscheckd: INFO: (6003): Monitoring path: '/sbin', with options 'size | permissions | owner | group | mtime | inode | hash_md5 | hash_sha1 | hash_sha256 | scheduled'.
2024/06/19 17:47:33 wazuh-syscheckd: INFO: (6003): Monitoring path: '/usr/bin', with options 'size | permissions | owner | group | mtime | inode | hash_md5 | hash_sha1 | hash_sha256 | scheduled'.
2024/06/19 17:47:33 wazuh-syscheckd: INFO: (6003): Monitoring path: '/usr/sbin', with options 'size | permissions | owner | group | mtime | inode | hash_md5 | hash_sha1 | hash_sha256 | scheduled'.
2024/06/19 17:47:33 wazuh-syscheckd: INFO: (6206): Ignore 'file' entry '/etc/mtab'
2024/06/19 17:47:33 wazuh-syscheckd: INFO: (6206): Ignore 'file' entry '/etc/hosts.deny'
2024/06/19 17:47:33 wazuh-syscheckd: INFO: (6206): Ignore 'file' entry '/etc/mail/statistics'
2024/06/19 17:47:33 wazuh-syscheckd: INFO: (6206): Ignore 'file' entry '/etc/random-seed'
2024/06/19 17:47:33 wazuh-syscheckd: INFO: (6206): Ignore 'file' entry '/etc/random.seed'
2024/06/19 17:47:33 wazuh-syscheckd: INFO: (6206): Ignore 'file' entry '/etc/adjtime'
2024/06/19 17:47:33 wazuh-syscheckd: INFO: (6206): Ignore 'file' entry '/etc/httpd/logs'
2024/06/19 17:47:33 wazuh-syscheckd: INFO: (6206): Ignore 'file' entry '/etc/utmpx'
2024/06/19 17:47:33 wazuh-syscheckd: INFO: (6206): Ignore 'file' entry '/etc/wtmpx'
2024/06/19 17:47:33 wazuh-syscheckd: INFO: (6206): Ignore 'file' entry '/etc/cups/certs'
2024/06/19 17:47:33 wazuh-syscheckd: INFO: (6206): Ignore 'file' entry '/etc/dumpdates'
2024/06/19 17:47:33 wazuh-syscheckd: INFO: (6206): Ignore 'file' entry '/etc/svc/volatile'
2024/06/19 17:47:33 wazuh-syscheckd: INFO: (6207): Ignore 'file' sregex '.log$|.swp$'
2024/06/19 17:47:33 wazuh-syscheckd: INFO: (6004): No diff for file: '/etc/ssl/private.key'
2024/06/19 17:47:33 wazuh-syscheckd: INFO: (6000): Starting daemon...
2024/06/19 17:47:33 wazuh-syscheckd: INFO: (6010): File integrity monitoring scan frequency: 43200 seconds
2024/06/19 17:47:33 wazuh-syscheckd: INFO: (6008): File integrity monitoring scan started.
2024/06/19 17:47:33 rootcheck: INFO: Starting rootcheck scan.
2024/06/19 17:47:33 wazuh-analysisd: INFO: Total rules enabled: '6786'
2024/06/19 17:47:33 wazuh-analysisd: INFO: Started (pid: 50806).
2024/06/19 17:47:34 wazuh-analysisd: INFO: EPS limit disabled
2024/06/19 17:47:34 wazuh-analysisd: INFO: (7200): Logtest started
2024/06/19 17:47:34 wazuh-remoted: INFO: Started (pid: 50862). Listening on port 1514/TCP (secure).
2024/06/19 17:47:34 wazuh-remoted: INFO: (1410): Reading authentication keys file.
2024/06/19 17:47:35 wazuh-logcollector: INFO: Monitoring output of command(360): df -P
2024/06/19 17:47:35 wazuh-logcollector: INFO: Monitoring full output of command(360): netstat -tulpn | sed 's/\([[:alnum:]]\+\)\ \+[[:digit:]]\+\ \+[[:digit:]]\+\ \+\(.*\):\([[:digit:]]*\)\ \+\([0-9\.\:\*]\+\).\+\ \([[:digit:]]*\/[[:alnum:]\-]*\).*/\1 \2 == \3 == \4 \5/' | sort -k 4 -g | sed 's/ == \(.*\) ==/:\1/' | sed 1,2d
2024/06/19 17:47:35 wazuh-logcollector: INFO: Monitoring full output of command(360): last -n 20
2024/06/19 17:47:35 wazuh-logcollector: INFO: (1950): Analyzing file: '/var/ossec/logs/active-responses.log'.
2024/06/19 17:47:35 wazuh-logcollector: INFO: (1950): Analyzing file: '/var/log/auth.log'.
2024/06/19 17:47:35 wazuh-logcollector: INFO: (1950): Analyzing file: '/var/log/syslog'.
2024/06/19 17:47:35 wazuh-logcollector: INFO: (1950): Analyzing file: '/var/log/dpkg.log'.
2024/06/19 17:47:35 wazuh-logcollector: INFO: (1950): Analyzing file: '/var/log/kern.log'.
2024/06/19 17:47:35 wazuh-logcollector: INFO: Started (pid: 50897).
2024/06/19 17:47:36 wazuh-monitord: INFO: Started (pid: 50925).
2024/06/19 17:47:37 wazuh-modulesd:router: INFO: Loaded router module.
2024/06/19 17:47:37 wazuh-modulesd:content_manager: INFO: Loaded content_manager module.
2024/06/19 17:47:37 wazuh-modulesd: INFO: Started (pid: 50948).
2024/06/19 17:47:37 wazuh-modulesd:agent-upgrade: INFO: (8153): Module Agent Upgrade started.
2024/06/19 17:47:37 wazuh-modulesd:task-manager: INFO: (8200): Module Task Manager started.
2024/06/19 17:47:37 wazuh-modulesd:osquery: INFO: Module disabled. Exiting...
2024/06/19 17:47:37 wazuh-modulesd:ciscat: INFO: Module disabled. Exiting...
2024/06/19 17:47:37 sca: INFO: Module started.
2024/06/19 17:47:37 sca: INFO: Loaded policy '/var/ossec/ruleset/sca/cis_ubuntu22-04.yml'
2024/06/19 17:47:37 wazuh-modulesd:vulnerability-scanner: INFO: Starting vulnerability_scanner module.
2024/06/19 17:47:37 wazuh-modulesd:router: INFO: Starting router module.
2024/06/19 17:47:37 wazuh-modulesd:content_manager: INFO: Starting content_manager module.
2024/06/19 17:47:37 wazuh-modulesd:database: INFO: Module started.
2024/06/19 17:47:37 wazuh-modulesd:control: INFO: Starting control thread.
2024/06/19 17:47:37 wazuh-modulesd:download: INFO: Module started.
2024/06/19 17:47:37 sca: INFO: Starting Security Configuration Assessment scan.
2024/06/19 17:47:37 sca: INFO: Skipping policy '/var/ossec/ruleset/sca/cis_ubuntu22-04.yml': 'Check Ubuntu version.'
2024/06/19 17:47:37 wazuh-modulesd:syscollector: INFO: Module started.
2024/06/19 17:47:37 wazuh-modulesd:syscollector: INFO: Starting evaluation.
2024/06/19 17:47:37 sca: INFO: Security Configuration Assessment scan finished. Duration: 0 seconds.
2024/06/19 17:47:38 indexer-connector: WARNING: IndexerConnector initialization failed for index 'wazuh-states-vulnerabilities-b-virtualbox', retrying until the connection is successful.
2024/06/19 17:47:38 wazuh-modulesd:syscollector: INFO: Evaluation finished.
2024/06/19 17:47:38 wazuh-modulesd:vulnerability-scanner: INFO: Starting database file decompression.
2024/06/19 17:47:39 wazuh-syscheckd: INFO: (6009): File integrity monitoring scan ended.
2024/06/19 17:47:39 wazuh-syscheckd: INFO: FIM sync module started.
2024/06/19 17:48:28 indexer-connector: INFO: IndexerConnector initialized successfully for index: wazuh-states-vulnerabilities-b-virtualbox.
2024/06/19 17:49:38 rootcheck: INFO: Ending rootcheck scan.
2024/06/19 17:50:38 wazuh-modulesd:vulnerability-scanner: INFO: Database decompression finished.
2024/06/19 17:50:40 wazuh-modulesd:vulnerability-scanner: INFO: Vulnerability scanner module started
2024/06/19 17:50:44 wazuh-modulesd:vulnerability-scanner: INFO: Initiating update feed process
2024/06/19 17:58:13 wazuh-modulesd:syscollector: INFO: Stop received for Syscollector.
2024/06/19 17:58:13 wazuh-modulesd:syscollector: INFO: Module finished.
2024/06/19 17:58:13 wazuh-modulesd:vulnerability-scanner: INFO: Stopping vulnerability_scanner module.
2024/06/19 17:58:13 wazuh-modulesd:vulnerability-scanner: INFO: Feed update interrupted: Module stopped.
2024/06/19 17:58:14 wazuh-modulesd:router: INFO: Stopping router module.
2024/06/19 17:58:14 wazuh-modulesd:content_manager: INFO: Stopping content_manager module.
2024/06/19 17:58:19 wazuh-monitord: INFO: (1225): SIGNAL [(15)-(Terminated)] Received. Exit Cleaning...
2024/06/19 17:58:19 wazuh-logcollector: INFO: (1225): SIGNAL [(15)-(Terminated)] Received. Exit Cleaning...
2024/06/19 17:58:19 wazuh-remoted: INFO: (1225): SIGNAL [(15)-(Terminated)] Received. Exit Cleaning...
2024/06/19 17:58:19 wazuh-syscheckd: INFO: (1756): Shutdown received. Releasing resources.
2024/06/19 17:58:19 wazuh-syscheckd: INFO: (1225): SIGNAL [(15)-(Terminated)] Received. Exit Cleaning...
2024/06/19 17:58:19 wazuh-analysisd: INFO: (1225): SIGNAL [(15)-(Terminated)] Received. Exit Cleaning...
2024/06/19 17:58:19 wazuh-execd: INFO: (1314): Shutdown received. Deleting responses.
2024/06/19 17:58:19 wazuh-execd: INFO: (1225): SIGNAL [(15)-(Terminated)] Received. Exit Cleaning...
2024/06/19 17:58:19 wazuh-db: INFO: (1225): SIGNAL [(15)-(Terminated)] Received. Exit Cleaning...
2024/06/19 17:58:20 wazuh-db: INFO: Graceful process shutdown.
2024/06/19 17:58:21 wazuh-authd: INFO: (1225): SIGNAL [(15)-(Terminated)] Received. Exit Cleaning...
2024/06/19 17:58:22 wazuh-authd: INFO: Exiting...
2024/06/19 17:58:27 wazuh-modulesd:router: INFO: Loaded router module.
2024/06/19 17:58:27 wazuh-modulesd:content_manager: INFO: Loaded content_manager module.
2024/06/19 17:58:28 wazuh-csyslogd: INFO: Remote syslog server not configured. Clean exit.
2024/06/19 17:58:28 wazuh-dbd: INFO: Database not configured. Clean exit.
2024/06/19 17:58:28 wazuh-integratord: INFO: Remote integrations not configured. Clean exit.
2024/06/19 17:58:28 wazuh-agentlessd: INFO: Not configured. Exiting.
2024/06/19 17:58:28 wazuh-authd: INFO: Started (pid: 55228).
2024/06/19 17:58:28 wazuh-authd: INFO: Accepting connections on port 1515. No password required.
2024/06/19 17:58:28 wazuh-authd: INFO: Setting network timeout to 1.000000 sec.
2024/06/19 17:58:28 wazuh-db: INFO: Started (pid: 55241).
2024/06/19 17:58:28 wazuh-execd: INFO: Started (pid: 55252).
2024/06/19 17:58:30 wazuh-analysisd: INFO: Total rules enabled: '6786'
2024/06/19 17:58:30 wazuh-analysisd: INFO: Started (pid: 55279).
2024/06/19 17:58:31 wazuh-analysisd: INFO: (7200): Logtest started
2024/06/19 17:58:31 wazuh-analysisd: INFO: EPS limit disabled
2024/06/19 17:58:31 wazuh-syscheckd: INFO: Started (pid: 55324).
2024/06/19 17:58:31 wazuh-syscheckd: INFO: (6003): Monitoring path: '/bin', with options 'size | permissions | owner | group | mtime | inode | hash_md5 | hash_sha1 | hash_sha256 | scheduled'.
2024/06/19 17:58:31 wazuh-syscheckd: INFO: (6003): Monitoring path: '/boot', with options 'size | permissions | owner | group | mtime | inode | hash_md5 | hash_sha1 | hash_sha256 | scheduled'.
2024/06/19 17:58:31 wazuh-syscheckd: INFO: (6003): Monitoring path: '/etc', with options 'size | permissions | owner | group | mtime | inode | hash_md5 | hash_sha1 | hash_sha256 | scheduled'.
2024/06/19 17:58:31 wazuh-syscheckd: INFO: (6003): Monitoring path: '/sbin', with options 'size | permissions | owner | group | mtime | inode | hash_md5 | hash_sha1 | hash_sha256 | scheduled'.
2024/06/19 17:58:31 wazuh-syscheckd: INFO: (6003): Monitoring path: '/usr/bin', with options 'size | permissions | owner | group | mtime | inode | hash_md5 | hash_sha1 | hash_sha256 | scheduled'.
2024/06/19 17:58:31 wazuh-syscheckd: INFO: (6003): Monitoring path: '/usr/sbin', with options 'size | permissions | owner | group | mtime | inode | hash_md5 | hash_sha1 | hash_sha256 | scheduled'.
2024/06/19 17:58:31 wazuh-syscheckd: INFO: (6206): Ignore 'file' entry '/etc/mtab'
2024/06/19 17:58:31 wazuh-syscheckd: INFO: (6206): Ignore 'file' entry '/etc/hosts.deny'
2024/06/19 17:58:31 wazuh-syscheckd: INFO: (6206): Ignore 'file' entry '/etc/mail/statistics'
2024/06/19 17:58:31 wazuh-syscheckd: INFO: (6206): Ignore 'file' entry '/etc/random-seed'
2024/06/19 17:58:31 wazuh-syscheckd: INFO: (6206): Ignore 'file' entry '/etc/random.seed'
2024/06/19 17:58:31 wazuh-syscheckd: INFO: (6206): Ignore 'file' entry '/etc/adjtime'
2024/06/19 17:58:31 wazuh-syscheckd: INFO: (6206): Ignore 'file' entry '/etc/httpd/logs'
2024/06/19 17:58:31 wazuh-syscheckd: INFO: (6206): Ignore 'file' entry '/etc/utmpx'
2024/06/19 17:58:31 wazuh-syscheckd: INFO: (6206): Ignore 'file' entry '/etc/wtmpx'
2024/06/19 17:58:31 wazuh-syscheckd: INFO: (6206): Ignore 'file' entry '/etc/cups/certs'
2024/06/19 17:58:31 wazuh-syscheckd: INFO: (6206): Ignore 'file' entry '/etc/dumpdates'
2024/06/19 17:58:31 wazuh-syscheckd: INFO: (6206): Ignore 'file' entry '/etc/svc/volatile'
2024/06/19 17:58:31 wazuh-syscheckd: INFO: (6207): Ignore 'file' sregex '.log$|.swp$'
2024/06/19 17:58:31 wazuh-syscheckd: INFO: (6004): No diff for file: '/etc/ssl/private.key'
2024/06/19 17:58:31 wazuh-syscheckd: INFO: (6000): Starting daemon...
2024/06/19 17:58:31 wazuh-syscheckd: INFO: (6010): File integrity monitoring scan frequency: 43200 seconds
2024/06/19 17:58:31 wazuh-syscheckd: INFO: (6008): File integrity monitoring scan started.
2024/06/19 17:58:31 rootcheck: INFO: Starting rootcheck scan.
2024/06/19 17:58:31 wazuh-remoted: INFO: Started (pid: 55338). Listening on port 1514/TCP (secure).
2024/06/19 17:58:31 wazuh-remoted: INFO: (1410): Reading authentication keys file.
2024/06/19 17:58:32 wazuh-logcollector: INFO: Monitoring output of command(360): df -P
2024/06/19 17:58:32 wazuh-logcollector: INFO: Monitoring full output of command(360): netstat -tulpn | sed 's/\([[:alnum:]]\+\)\ \+[[:digit:]]\+\ \+[[:digit:]]\+\ \+\(.*\):\([[:digit:]]*\)\ \+\([0-9\.\:\*]\+\).\+\ \([[:digit:]]*\/[[:alnum:]\-]*\).*/\1 \2 == \3 == \4 \5/' | sort -k 4 -g | sed 's/ == \(.*\) ==/:\1/' | sed 1,2d
2024/06/19 17:58:32 wazuh-logcollector: INFO: Monitoring full output of command(360): last -n 20
2024/06/19 17:58:32 wazuh-logcollector: INFO: (1950): Analyzing file: '/var/ossec/logs/active-responses.log'.
2024/06/19 17:58:32 wazuh-logcollector: INFO: (1950): Analyzing file: '/var/log/auth.log'.
2024/06/19 17:58:32 wazuh-logcollector: INFO: (1950): Analyzing file: '/var/log/syslog'.
2024/06/19 17:58:32 wazuh-logcollector: INFO: (1950): Analyzing file: '/var/log/dpkg.log'.
2024/06/19 17:58:32 wazuh-logcollector: INFO: (1950): Analyzing file: '/var/log/kern.log'.
2024/06/19 17:58:32 wazuh-logcollector: INFO: Started (pid: 55373).
2024/06/19 17:58:33 wazuh-monitord: INFO: Started (pid: 55391).
2024/06/19 17:58:33 wazuh-modulesd:router: INFO: Loaded router module.
2024/06/19 17:58:33 wazuh-modulesd:content_manager: INFO: Loaded content_manager module.
2024/06/19 17:58:33 wazuh-modulesd: INFO: Started (pid: 55400).
2024/06/19 17:58:33 wazuh-modulesd:agent-upgrade: INFO: (8153): Module Agent Upgrade started.
2024/06/19 17:58:33 sca: INFO: Module started.
2024/06/19 17:58:33 sca: INFO: Loaded policy '/var/ossec/ruleset/sca/cis_ubuntu22-04.yml'
2024/06/19 17:58:33 wazuh-modulesd:vulnerability-scanner: INFO: Starting vulnerability_scanner module.
2024/06/19 17:58:33 wazuh-modulesd:ciscat: INFO: Module disabled. Exiting...
2024/06/19 17:58:33 wazuh-modulesd:osquery: INFO: Module disabled. Exiting...
2024/06/19 17:58:33 wazuh-modulesd:content_manager: INFO: Starting content_manager module.
2024/06/19 17:58:33 wazuh-modulesd:router: INFO: Starting router module.
2024/06/19 17:58:33 wazuh-modulesd:database: INFO: Module started.
2024/06/19 17:58:33 wazuh-modulesd:download: INFO: Module started.
2024/06/19 17:58:33 wazuh-modulesd:control: INFO: Starting control thread.
2024/06/19 17:58:33 wazuh-modulesd:task-manager: INFO: (8200): Module Task Manager started.
2024/06/19 17:58:33 sca: INFO: Starting Security Configuration Assessment scan.
2024/06/19 17:58:33 sca: INFO: Skipping policy '/var/ossec/ruleset/sca/cis_ubuntu22-04.yml': 'Check Ubuntu version.'
2024/06/19 17:58:33 sca: INFO: Security Configuration Assessment scan finished. Duration: 0 seconds.
2024/06/19 17:58:33 wazuh-modulesd:syscollector: INFO: Module started.
2024/06/19 17:58:33 wazuh-modulesd:syscollector: INFO: Starting evaluation.
2024/06/19 17:58:34 wazuh-modulesd:syscollector: INFO: Evaluation finished.
2024/06/19 17:58:34 wazuh-modulesd:vulnerability-scanner: INFO: Vulnerability scanner module started
2024/06/19 17:58:34 indexer-connector: WARNING: IndexerConnector initialization failed for index 'wazuh-states-vulnerabilities-b-virtualbox', retrying until the connection is successful.
2024/06/19 17:58:36 wazuh-syscheckd: INFO: (6009): File integrity monitoring scan ended.
2024/06/19 17:58:36 wazuh-syscheckd: INFO: FIM sync module started.
2024/06/19 17:58:41 indexer-connector: INFO: IndexerConnector initialized successfully for index: wazuh-states-vulnerabilities-b-virtualbox.
2024/06/19 17:58:59 wazuh-modulesd:vulnerability-scanner: INFO: Initiating update feed process
2024/06/19 17:59:33 rootcheck: INFO: Ending rootcheck scan.
2024/06/19 18:02:38 wazuh-modulesd:vulnerability-scanner: INFO: Triggered a re-scan after content update
2024/06/19 18:02:38 wazuh-modulesd:vulnerability-scanner: INFO: Feed update process completed
2024/06/19 18:04:16 wazuh-modulesd:syscollector: INFO: Stop received for Syscollector.
2024/06/19 18:04:16 wazuh-modulesd:syscollector: INFO: Module finished.
2024/06/19 18:04:16 wazuh-modulesd:vulnerability-scanner: INFO: Stopping vulnerability_scanner module.
2024/06/19 18:04:18 wazuh-modulesd:router: INFO: Stopping router module.
2024/06/19 18:04:18 wazuh-modulesd:content_manager: INFO: Stopping content_manager module.
2024/06/19 18:04:18 wazuh-monitord: INFO: (1225): SIGNAL [(15)-(Terminated)] Received. Exit Cleaning...
2024/06/19 18:04:18 wazuh-logcollector: INFO: (1225): SIGNAL [(15)-(Terminated)] Received. Exit Cleaning...
2024/06/19 18:04:18 wazuh-remoted: INFO: (1225): SIGNAL [(15)-(Terminated)] Received. Exit Cleaning...
2024/06/19 18:04:18 wazuh-syscheckd: INFO: (1756): Shutdown received. Releasing resources.
2024/06/19 18:04:18 wazuh-syscheckd: INFO: (1225): SIGNAL [(15)-(Terminated)] Received. Exit Cleaning...
2024/06/19 18:04:18 wazuh-analysisd: INFO: (1225): SIGNAL [(15)-(Terminated)] Received. Exit Cleaning...
2024/06/19 18:04:18 wazuh-execd: INFO: (1314): Shutdown received. Deleting responses.
2024/06/19 18:04:18 wazuh-execd: INFO: (1225): SIGNAL [(15)-(Terminated)] Received. Exit Cleaning...
2024/06/19 18:04:19 wazuh-db: INFO: (1225): SIGNAL [(15)-(Terminated)] Received. Exit Cleaning...
2024/06/19 18:04:19 wazuh-db: INFO: Graceful process shutdown.
2024/06/19 18:04:19 wazuh-authd: INFO: (1225): SIGNAL [(15)-(Terminated)] Received. Exit Cleaning...
2024/06/19 18:04:20 wazuh-authd: INFO: Exiting...
2024/06/19 18:05:07 wazuh-modulesd:router: INFO: Loaded router module.
2024/06/19 18:05:07 wazuh-modulesd:content_manager: INFO: Loaded content_manager module.
2024/06/19 18:16:07 wazuh-modulesd:router: INFO: Loaded router module.
2024/06/19 18:16:07 wazuh-modulesd:content_manager: INFO: Loaded content_manager module.
2024/06/19 18:16:16 wazuh-csyslogd: INFO: Remote syslog server not configured. Clean exit.
2024/06/19 18:16:16 wazuh-dbd: INFO: Database not configured. Clean exit.
2024/06/19 18:16:16 wazuh-integratord: INFO: Remote integrations not configured. Clean exit.
2024/06/19 18:16:16 wazuh-agentlessd: INFO: Not configured. Exiting.
2024/06/19 18:16:16 wazuh-authd: INFO: Started (pid: 1836).
2024/06/19 18:16:16 wazuh-authd: INFO: Accepting connections on port 1515. No password required.
2024/06/19 18:16:16 wazuh-authd: INFO: Setting network timeout to 1.000000 sec.
2024/06/19 18:16:16 wazuh-db: INFO: Started (pid: 1851).
2024/06/19 18:16:17 wazuh-execd: INFO: Started (pid: 1875).
2024/06/19 18:16:19 wazuh-analysisd: INFO: Total rules enabled: '6786'
2024/06/19 18:16:19 wazuh-analysisd: INFO: Started (pid: 1889).
2024/06/19 18:16:19 wazuh-syscheckd: INFO: Started (pid: 1899).
2024/06/19 18:16:19 wazuh-syscheckd: INFO: (6003): Monitoring path: '/bin', with options 'size | permissions | owner | group | mtime | inode | hash_md5 | hash_sha1 | hash_sha256 | scheduled'.
2024/06/19 18:16:19 wazuh-syscheckd: INFO: (6003): Monitoring path: '/boot', with options 'size | permissions | owner | group | mtime | inode | hash_md5 | hash_sha1 | hash_sha256 | scheduled'.
2024/06/19 18:16:19 wazuh-syscheckd: INFO: (6003): Monitoring path: '/etc', with options 'size | permissions | owner | group | mtime | inode | hash_md5 | hash_sha1 | hash_sha256 | scheduled'.
2024/06/19 18:16:19 wazuh-syscheckd: INFO: (6003): Monitoring path: '/sbin', with options 'size | permissions | owner | group | mtime | inode | hash_md5 | hash_sha1 | hash_sha256 | scheduled'.
2024/06/19 18:16:19 wazuh-syscheckd: INFO: (6003): Monitoring path: '/usr/bin', with options 'size | permissions | owner | group | mtime | inode | hash_md5 | hash_sha1 | hash_sha256 | scheduled'.
2024/06/19 18:16:19 wazuh-syscheckd: INFO: (6003): Monitoring path: '/usr/sbin', with options 'size | permissions | owner | group | mtime | inode | hash_md5 | hash_sha1 | hash_sha256 | scheduled'.
2024/06/19 18:16:19 wazuh-syscheckd: INFO: (6206): Ignore 'file' entry '/etc/mtab'
2024/06/19 18:16:19 wazuh-syscheckd: INFO: (6206): Ignore 'file' entry '/etc/hosts.deny'
2024/06/19 18:16:19 wazuh-syscheckd: INFO: (6206): Ignore 'file' entry '/etc/mail/statistics'
2024/06/19 18:16:19 wazuh-syscheckd: INFO: (6206): Ignore 'file' entry '/etc/random-seed'
2024/06/19 18:16:19 wazuh-syscheckd: INFO: (6206): Ignore 'file' entry '/etc/random.seed'
2024/06/19 18:16:19 wazuh-syscheckd: INFO: (6206): Ignore 'file' entry '/etc/adjtime'
2024/06/19 18:16:19 wazuh-syscheckd: INFO: (6206): Ignore 'file' entry '/etc/httpd/logs'
2024/06/19 18:16:19 wazuh-syscheckd: INFO: (6206): Ignore 'file' entry '/etc/utmpx'
2024/06/19 18:16:19 wazuh-syscheckd: INFO: (6206): Ignore 'file' entry '/etc/wtmpx'
2024/06/19 18:16:19 wazuh-syscheckd: INFO: (6206): Ignore 'file' entry '/etc/cups/certs'
2024/06/19 18:16:19 wazuh-syscheckd: INFO: (6206): Ignore 'file' entry '/etc/dumpdates'
2024/06/19 18:16:19 wazuh-syscheckd: INFO: (6206): Ignore 'file' entry '/etc/svc/volatile'
2024/06/19 18:16:19 wazuh-syscheckd: INFO: (6207): Ignore 'file' sregex '.log$|.swp$'
2024/06/19 18:16:19 wazuh-syscheckd: INFO: (6004): No diff for file: '/etc/ssl/private.key'
2024/06/19 18:16:19 wazuh-syscheckd: INFO: (6000): Starting daemon...
2024/06/19 18:16:19 wazuh-syscheckd: INFO: (6010): File integrity monitoring scan frequency: 43200 seconds
2024/06/19 18:16:19 wazuh-syscheckd: INFO: (6008): File integrity monitoring scan started.
2024/06/19 18:16:19 rootcheck: INFO: Starting rootcheck scan.
2024/06/19 18:16:19 wazuh-remoted: INFO: Started (pid: 1913). Listening on port 1514/TCP (secure).
2024/06/19 18:16:19 wazuh-remoted: INFO: (1410): Reading authentication keys file.
2024/06/19 18:16:20 wazuh-analysisd: INFO: (7200): Logtest started
2024/06/19 18:16:20 wazuh-analysisd: INFO: EPS limit disabled
2024/06/19 18:16:20 wazuh-logcollector: INFO: Monitoring output of command(360): df -P
2024/06/19 18:16:20 wazuh-logcollector: INFO: Monitoring full output of command(360): netstat -tulpn | sed 's/\([[:alnum:]]\+\)\ \+[[:digit:]]\+\ \+[[:digit:]]\+\ \+\(.*\):\([[:digit:]]*\)\ \+\([0-9\.\:\*]\+\).\+\ \([[:digit:]]*\/[[:alnum:]\-]*\).*/\1 \2 == \3 == \4 \5/' | sort -k 4 -g | sed 's/ == \(.*\) ==/:\1/' | sed 1,2d
2024/06/19 18:16:20 wazuh-logcollector: INFO: Monitoring full output of command(360): last -n 20
2024/06/19 18:16:20 wazuh-logcollector: INFO: (1950): Analyzing file: '/var/ossec/logs/active-responses.log'.
2024/06/19 18:16:20 wazuh-logcollector: INFO: (1950): Analyzing file: '/var/log/auth.log'.
2024/06/19 18:16:20 wazuh-logcollector: INFO: (1950): Analyzing file: '/var/log/syslog'.
2024/06/19 18:16:20 wazuh-logcollector: INFO: (1950): Analyzing file: '/var/log/dpkg.log'.
2024/06/19 18:16:20 wazuh-logcollector: INFO: (1950): Analyzing file: '/var/log/kern.log'.
2024/06/19 18:16:20 wazuh-logcollector: INFO: Started (pid: 1978).
2024/06/19 18:16:21 wazuh-monitord: INFO: Started (pid: 2000).
2024/06/19 18:16:23 wazuh-modulesd:router: INFO: Loaded router module.
2024/06/19 18:16:23 wazuh-modulesd:content_manager: INFO: Loaded content_manager module.
2024/06/19 18:16:23 wazuh-modulesd: INFO: Started (pid: 2022).
2024/06/19 18:16:23 wazuh-modulesd:ciscat: INFO: Module disabled. Exiting...
2024/06/19 18:16:23 wazuh-modulesd:agent-upgrade: INFO: (8153): Module Agent Upgrade started.
2024/06/19 18:16:23 wazuh-modulesd:osquery: INFO: Module disabled. Exiting...
2024/06/19 18:16:23 wazuh-modulesd:task-manager: INFO: (8200): Module Task Manager started.
2024/06/19 18:16:23 wazuh-modulesd:vulnerability-scanner: INFO: Starting vulnerability_scanner module.
2024/06/19 18:16:23 wazuh-modulesd:router: INFO: Starting router module.
2024/06/19 18:16:23 wazuh-modulesd:control: INFO: Starting control thread.
2024/06/19 18:16:23 wazuh-modulesd:content_manager: INFO: Starting content_manager module.
2024/06/19 18:16:23 wazuh-modulesd:database: INFO: Module started.
2024/06/19 18:16:23 wazuh-modulesd:download: INFO: Module started.
2024/06/19 18:16:23 sca: INFO: Module started.
2024/06/19 18:16:23 sca: INFO: Loaded policy '/var/ossec/ruleset/sca/cis_ubuntu22-04.yml'
2024/06/19 18:16:23 sca: INFO: Starting Security Configuration Assessment scan.
2024/06/19 18:16:23 sca: INFO: Skipping policy '/var/ossec/ruleset/sca/cis_ubuntu22-04.yml': 'Check Ubuntu version.'
2024/06/19 18:16:23 sca: INFO: Security Configuration Assessment scan finished. Duration: 0 seconds.
2024/06/19 18:16:23 wazuh-modulesd:syscollector: INFO: Module started.
2024/06/19 18:16:23 wazuh-modulesd:syscollector: INFO: Starting evaluation.
2024/06/19 18:16:23 wazuh-modulesd:syscollector: INFO: Evaluation finished.
2024/06/19 18:16:24 indexer-connector: WARNING: IndexerConnector initialization failed for index 'wazuh-states-vulnerabilities-b-virtualbox', retrying until the connection is successful.
2024/06/19 18:16:25 wazuh-modulesd:content-updater: ERROR: Action for 'vulnerability_feed_manager' failed: Orchestration run failed: Error -1 from server: Couldn't resolve host name
2024/06/19 18:16:25 wazuh-modulesd:vulnerability-scanner: INFO: Vulnerability scanner module started
2024/06/19 18:16:35 wazuh-syscheckd: INFO: (6009): File integrity monitoring scan ended.
2024/06/19 18:16:35 wazuh-syscheckd: INFO: FIM sync module started.
2024/06/19 18:16:54 indexer-connector: INFO: IndexerConnector initialized successfully for index: wazuh-states-vulnerabilities-b-virtualbox.
2024/06/19 18:18:14 rootcheck: INFO: Ending rootcheck scan.
2024/06/19 18:19:18 wazuh-modulesd:syscollector: INFO: Stop received for Syscollector.
2024/06/19 18:19:18 wazuh-modulesd:syscollector: INFO: Module finished.
2024/06/19 18:19:18 wazuh-modulesd:vulnerability-scanner: INFO: Stopping vulnerability_scanner module.
2024/06/19 18:19:18 wazuh-modulesd:router: INFO: Stopping router module.
2024/06/19 18:19:18 wazuh-modulesd:content_manager: INFO: Stopping content_manager module.
2024/06/19 18:19:19 wazuh-monitord: INFO: (1225): SIGNAL [(15)-(Terminated)] Received. Exit Cleaning...
2024/06/19 18:19:19 wazuh-logcollector: INFO: (1225): SIGNAL [(15)-(Terminated)] Received. Exit Cleaning...
2024/06/19 18:19:19 wazuh-remoted: INFO: (1225): SIGNAL [(15)-(Terminated)] Received. Exit Cleaning...
2024/06/19 18:19:19 wazuh-syscheckd: INFO: (1756): Shutdown received. Releasing resources.
2024/06/19 18:19:19 wazuh-syscheckd: INFO: (1225): SIGNAL [(15)-(Terminated)] Received. Exit Cleaning...
2024/06/19 18:19:19 wazuh-analysisd: INFO: (1225): SIGNAL [(15)-(Terminated)] Received. Exit Cleaning...
2024/06/19 18:19:19 wazuh-execd: INFO: (1314): Shutdown received. Deleting responses.
2024/06/19 18:19:19 wazuh-execd: INFO: (1225): SIGNAL [(15)-(Terminated)] Received. Exit Cleaning...
2024/06/19 18:19:19 wazuh-db: INFO: (1225): SIGNAL [(15)-(Terminated)] Received. Exit Cleaning...
2024/06/19 18:19:20 wazuh-db: INFO: Graceful process shutdown.
2024/06/19 18:19:20 wazuh-authd: INFO: (1225): SIGNAL [(15)-(Terminated)] Received. Exit Cleaning...
2024/06/19 18:19:21 wazuh-authd: INFO: Exiting...
2024/06/28 20:32:59 wazuh-modulesd:router: INFO: Loaded router module.
2024/06/28 20:32:59 wazuh-modulesd:content_manager: INFO: Loaded content_manager module.
2024/06/28 20:33:08 wazuh-csyslogd: INFO: Remote syslog server not configured. Clean exit.
2024/06/28 20:33:08 wazuh-dbd: INFO: Database not configured. Clean exit.
2024/06/28 20:33:08 wazuh-integratord: INFO: Remote integrations not configured. Clean exit.
2024/06/28 20:33:08 wazuh-agentlessd: INFO: Not configured. Exiting.
2024/06/28 20:33:08 wazuh-authd: INFO: Started (pid: 1877).
2024/06/28 20:33:08 wazuh-authd: INFO: Accepting connections on port 1515. No password required.
2024/06/28 20:33:08 wazuh-authd: INFO: Setting network timeout to 1.000000 sec.
2024/06/28 20:33:09 wazuh-db: INFO: Started (pid: 1902).
2024/06/28 20:33:10 wazuh-db: INFO: Created Global database backup "backup/db/global.db-backup-2024-06-28-20:33:10.gz"
2024/06/28 20:33:11 wazuh-execd: INFO: Started (pid: 1927).
2024/06/28 20:33:12 wazuh-syscheckd: INFO: Started (pid: 1983).
2024/06/28 20:33:12 wazuh-syscheckd: INFO: (6003): Monitoring path: '/bin', with options 'size | permissions | owner | group | mtime | inode | hash_md5 | hash_sha1 | hash_sha256 | scheduled'.
2024/06/28 20:33:12 wazuh-syscheckd: INFO: (6003): Monitoring path: '/boot', with options 'size | permissions | owner | group | mtime | inode | hash_md5 | hash_sha1 | hash_sha256 | scheduled'.
2024/06/28 20:33:12 wazuh-syscheckd: INFO: (6003): Monitoring path: '/etc', with options 'size | permissions | owner | group | mtime | inode | hash_md5 | hash_sha1 | hash_sha256 | scheduled'.
2024/06/28 20:33:12 wazuh-syscheckd: INFO: (6003): Monitoring path: '/sbin', with options 'size | permissions | owner | group | mtime | inode | hash_md5 | hash_sha1 | hash_sha256 | scheduled'.
2024/06/28 20:33:12 wazuh-syscheckd: INFO: (6003): Monitoring path: '/usr/bin', with options 'size | permissions | owner | group | mtime | inode | hash_md5 | hash_sha1 | hash_sha256 | scheduled'.
2024/06/28 20:33:12 wazuh-syscheckd: INFO: (6003): Monitoring path: '/usr/sbin', with options 'size | permissions | owner | group | mtime | inode | hash_md5 | hash_sha1 | hash_sha256 | scheduled'.
2024/06/28 20:33:12 wazuh-syscheckd: INFO: (6206): Ignore 'file' entry '/etc/mtab'
2024/06/28 20:33:12 wazuh-syscheckd: INFO: (6206): Ignore 'file' entry '/etc/hosts.deny'
2024/06/28 20:33:12 wazuh-syscheckd: INFO: (6206): Ignore 'file' entry '/etc/mail/statistics'
2024/06/28 20:33:12 wazuh-syscheckd: INFO: (6206): Ignore 'file' entry '/etc/random-seed'
2024/06/28 20:33:12 wazuh-syscheckd: INFO: (6206): Ignore 'file' entry '/etc/random.seed'
2024/06/28 20:33:12 wazuh-syscheckd: INFO: (6206): Ignore 'file' entry '/etc/adjtime'
2024/06/28 20:33:12 wazuh-syscheckd: INFO: (6206): Ignore 'file' entry '/etc/httpd/logs'
2024/06/28 20:33:12 wazuh-syscheckd: INFO: (6206): Ignore 'file' entry '/etc/utmpx'
2024/06/28 20:33:12 wazuh-syscheckd: INFO: (6206): Ignore 'file' entry '/etc/wtmpx'
2024/06/28 20:33:12 wazuh-syscheckd: INFO: (6206): Ignore 'file' entry '/etc/cups/certs'
2024/06/28 20:33:12 wazuh-syscheckd: INFO: (6206): Ignore 'file' entry '/etc/dumpdates'
2024/06/28 20:33:12 wazuh-syscheckd: INFO: (6206): Ignore 'file' entry '/etc/svc/volatile'
2024/06/28 20:33:12 wazuh-syscheckd: INFO: (6207): Ignore 'file' sregex '.log$|.swp$'
2024/06/28 20:33:12 wazuh-syscheckd: INFO: (6004): No diff for file: '/etc/ssl/private.key'
2024/06/28 20:33:12 wazuh-syscheckd: INFO: (6000): Starting daemon...
2024/06/28 20:33:12 wazuh-syscheckd: INFO: (6010): File integrity monitoring scan frequency: 43200 seconds
2024/06/28 20:33:12 wazuh-syscheckd: INFO: (6008): File integrity monitoring scan started.
2024/06/28 20:33:12 rootcheck: INFO: Starting rootcheck scan.
2024/06/28 20:33:13 wazuh-remoted: INFO: Started (pid: 2148). Listening on port 1514/TCP (secure).
2024/06/28 20:33:14 wazuh-remoted: INFO: (1410): Reading authentication keys file.
2024/06/28 20:33:14 wazuh-logcollector: INFO: Monitoring output of command(360): df -P
2024/06/28 20:33:14 wazuh-logcollector: INFO: Monitoring full output of command(360): netstat -tulpn | sed 's/\([[:alnum:]]\+\)\ \+[[:digit:]]\+\ \+[[:digit:]]\+\ \+\(.*\):\([[:digit:]]*\)\ \+\([0-9\.\:\*]\+\).\+\ \([[:digit:]]*\/[[:alnum:]\-]*\).*/\1 \2 == \3 == \4 \5/' | sort -k 4 -g | sed 's/ == \(.*\) ==/:\1/' | sed 1,2d
2024/06/28 20:33:14 wazuh-logcollector: INFO: Monitoring full output of command(360): last -n 20
2024/06/28 20:33:14 wazuh-logcollector: INFO: (1950): Analyzing file: '/var/ossec/logs/active-responses.log'.
2024/06/28 20:33:14 wazuh-logcollector: INFO: (1950): Analyzing file: '/var/log/auth.log'.
2024/06/28 20:33:14 wazuh-logcollector: INFO: (1950): Analyzing file: '/var/log/syslog'.
2024/06/28 20:33:14 wazuh-logcollector: INFO: (1950): Analyzing file: '/var/log/dpkg.log'.
2024/06/28 20:33:14 wazuh-logcollector: INFO: (1950): Analyzing file: '/var/log/kern.log'.
2024/06/28 20:33:14 wazuh-logcollector: INFO: Started (pid: 2184).
2024/06/28 20:33:14 wazuh-monitord: INFO: Started (pid: 2261).
2024/06/28 20:33:15 wazuh-analysisd: INFO: Total rules enabled: '6786'
2024/06/28 20:33:15 wazuh-analysisd: INFO: Started (pid: 1958).
2024/06/28 20:33:15 wazuh-modulesd:router: INFO: Loaded router module.
2024/06/28 20:33:15 wazuh-modulesd:content_manager: INFO: Loaded content_manager module.
2024/06/28 20:33:15 wazuh-modulesd: INFO: Started (pid: 2340).
2024/06/28 20:33:15 wazuh-modulesd:agent-upgrade: INFO: (8153): Module Agent Upgrade started.
2024/06/28 20:33:15 wazuh-modulesd:osquery: INFO: Module disabled. Exiting...
2024/06/28 20:33:15 sca: INFO: Module started.
2024/06/28 20:33:15 sca: INFO: Loaded policy '/var/ossec/ruleset/sca/cis_ubuntu22-04.yml'
2024/06/28 20:33:15 wazuh-modulesd:vulnerability-scanner: INFO: Starting vulnerability_scanner module.
2024/06/28 20:33:15 wazuh-modulesd:router: INFO: Starting router module.
2024/06/28 20:33:15 wazuh-modulesd:content_manager: INFO: Starting content_manager module.
2024/06/28 20:33:15 wazuh-modulesd:database: INFO: Module started.
2024/06/28 20:33:15 wazuh-modulesd:download: INFO: Module started.
2024/06/28 20:33:15 wazuh-modulesd:control: INFO: Starting control thread.
2024/06/28 20:33:15 wazuh-modulesd:ciscat: INFO: Module disabled. Exiting...
2024/06/28 20:33:15 sca: INFO: Starting Security Configuration Assessment scan.
2024/06/28 20:33:15 sca: INFO: Skipping policy '/var/ossec/ruleset/sca/cis_ubuntu22-04.yml': 'Check Ubuntu version.'
2024/06/28 20:33:15 sca: INFO: Security Configuration Assessment scan finished. Duration: 0 seconds.
2024/06/28 20:33:16 wazuh-modulesd:task-manager: INFO: (8200): Module Task Manager started.
2024/06/28 20:33:16 wazuh-modulesd:syscollector: INFO: Module started.
2024/06/28 20:33:16 wazuh-modulesd:syscollector: INFO: Starting evaluation.
2024/06/28 20:33:16 wazuh-analysisd: INFO: (7200): Logtest started
2024/06/28 20:33:16 wazuh-analysisd: INFO: EPS limit disabled
2024/06/28 20:33:17 wazuh-modulesd:syscollector: INFO: Evaluation finished.
2024/06/28 20:33:17 indexer-connector: WARNING: IndexerConnector initialization failed for index 'wazuh-states-vulnerabilities-b-virtualbox', retrying until the connection is successful.
2024/06/28 20:33:18 wazuh-modulesd:content-updater: ERROR: Action for 'vulnerability_feed_manager' failed: Orchestration run failed: Error -1 from server: Couldn't resolve host name
2024/06/28 20:33:19 wazuh-modulesd:vulnerability-scanner: INFO: Vulnerability scanner module started
2024/06/28 20:33:33 wazuh-syscheckd: INFO: (6009): File integrity monitoring scan ended.
2024/06/28 20:33:33 wazuh-syscheckd: INFO: FIM sync module started.
2024/06/28 20:33:47 indexer-connector: INFO: IndexerConnector initialized successfully for index: wazuh-states-vulnerabilities-b-virtualbox.
2024/06/28 20:34:38 rootcheck: INFO: Ending rootcheck scan.
2024/06/28 20:36:35 wazuh-modulesd:syscollector: INFO: Stop received for Syscollector.
2024/06/28 20:36:35 wazuh-modulesd:syscollector: INFO: Module finished.
2024/06/28 20:36:35 wazuh-modulesd:vulnerability-scanner: INFO: Stopping vulnerability_scanner module.
2024/06/28 20:36:35 wazuh-modulesd:router: INFO: Stopping router module.
2024/06/28 20:36:35 wazuh-modulesd:content_manager: INFO: Stopping content_manager module.
2024/06/28 20:36:36 wazuh-monitord: INFO: (1225): SIGNAL [(15)-(Terminated)] Received. Exit Cleaning...
2024/06/28 20:36:36 wazuh-logcollector: INFO: (1225): SIGNAL [(15)-(Terminated)] Received. Exit Cleaning...
2024/06/28 20:36:36 wazuh-remoted: INFO: (1225): SIGNAL [(15)-(Terminated)] Received. Exit Cleaning...
2024/06/28 20:36:36 wazuh-syscheckd: INFO: (1756): Shutdown received. Releasing resources.
2024/06/28 20:36:36 wazuh-syscheckd: INFO: (1225): SIGNAL [(15)-(Terminated)] Received. Exit Cleaning...
2024/06/28 20:36:36 wazuh-analysisd: INFO: (1225): SIGNAL [(15)-(Terminated)] Received. Exit Cleaning...
2024/06/28 20:36:36 wazuh-execd: INFO: (1314): Shutdown received. Deleting responses.
2024/06/28 20:36:36 wazuh-execd: INFO: (1225): SIGNAL [(15)-(Terminated)] Received. Exit Cleaning...
2024/06/28 20:36:36 wazuh-db: INFO: (1225): SIGNAL [(15)-(Terminated)] Received. Exit Cleaning...
2024/06/28 20:36:37 wazuh-db: INFO: Graceful process shutdown.
2024/06/28 20:36:37 wazuh-authd: INFO: (1225): SIGNAL [(15)-(Terminated)] Received. Exit Cleaning...
2024/06/28 20:36:38 wazuh-authd: INFO: Exiting...
2024/06/28 20:38:15 wazuh-modulesd:router: INFO: Loaded router module.
2024/06/28 20:38:15 wazuh-modulesd:content_manager: INFO: Loaded content_manager module.
2024/06/28 20:38:26 wazuh-csyslogd: INFO: Remote syslog server not configured. Clean exit.
2024/06/28 20:38:26 wazuh-dbd: INFO: Database not configured. Clean exit.
2024/06/28 20:38:26 wazuh-integratord: INFO: Remote integrations not configured. Clean exit.
2024/06/28 20:38:26 wazuh-agentlessd: INFO: Not configured. Exiting.
2024/06/28 20:38:27 wazuh-authd: INFO: Started (pid: 2151).
2024/06/28 20:38:27 wazuh-authd: INFO: Accepting connections on port 1515. No password required.
2024/06/28 20:38:27 wazuh-authd: INFO: Setting network timeout to 1.000000 sec.
2024/06/28 20:38:27 wazuh-db: INFO: Started (pid: 2181).
2024/06/28 20:38:28 wazuh-execd: INFO: Started (pid: 2403).
2024/06/28 20:38:29 wazuh-syscheckd: INFO: Started (pid: 2595).
2024/06/28 20:38:29 wazuh-syscheckd: INFO: (6003): Monitoring path: '/bin', with options 'size | permissions | owner | group | mtime | inode | hash_md5 | hash_sha1 | hash_sha256 | scheduled'.
2024/06/28 20:38:29 wazuh-syscheckd: INFO: (6003): Monitoring path: '/boot', with options 'size | permissions | owner | group | mtime | inode | hash_md5 | hash_sha1 | hash_sha256 | scheduled'.
2024/06/28 20:38:29 wazuh-syscheckd: INFO: (6003): Monitoring path: '/etc', with options 'size | permissions | owner | group | mtime | inode | hash_md5 | hash_sha1 | hash_sha256 | scheduled'.
2024/06/28 20:38:29 wazuh-syscheckd: INFO: (6003): Monitoring path: '/sbin', with options 'size | permissions | owner | group | mtime | inode | hash_md5 | hash_sha1 | hash_sha256 | scheduled'.
2024/06/28 20:38:29 wazuh-syscheckd: INFO: (6003): Monitoring path: '/usr/bin', with options 'size | permissions | owner | group | mtime | inode | hash_md5 | hash_sha1 | hash_sha256 | scheduled'.
2024/06/28 20:38:29 wazuh-syscheckd: INFO: (6003): Monitoring path: '/usr/sbin', with options 'size | permissions | owner | group | mtime | inode | hash_md5 | hash_sha1 | hash_sha256 | scheduled'.
2024/06/28 20:38:29 wazuh-syscheckd: INFO: (6206): Ignore 'file' entry '/etc/mtab'
2024/06/28 20:38:29 wazuh-syscheckd: INFO: (6206): Ignore 'file' entry '/etc/hosts.deny'
2024/06/28 20:38:29 wazuh-syscheckd: INFO: (6206): Ignore 'file' entry '/etc/mail/statistics'
2024/06/28 20:38:29 wazuh-syscheckd: INFO: (6206): Ignore 'file' entry '/etc/random-seed'
2024/06/28 20:38:29 wazuh-syscheckd: INFO: (6206): Ignore 'file' entry '/etc/random.seed'
2024/06/28 20:38:29 wazuh-syscheckd: INFO: (6206): Ignore 'file' entry '/etc/adjtime'
2024/06/28 20:38:29 wazuh-syscheckd: INFO: (6206): Ignore 'file' entry '/etc/httpd/logs'
2024/06/28 20:38:29 wazuh-syscheckd: INFO: (6206): Ignore 'file' entry '/etc/utmpx'
2024/06/28 20:38:29 wazuh-syscheckd: INFO: (6206): Ignore 'file' entry '/etc/wtmpx'
2024/06/28 20:38:29 wazuh-syscheckd: INFO: (6206): Ignore 'file' entry '/etc/cups/certs'
2024/06/28 20:38:29 wazuh-syscheckd: INFO: (6206): Ignore 'file' entry '/etc/dumpdates'
2024/06/28 20:38:29 wazuh-syscheckd: INFO: (6206): Ignore 'file' entry '/etc/svc/volatile'
2024/06/28 20:38:29 wazuh-syscheckd: INFO: (6207): Ignore 'file' sregex '.log$|.swp$'
2024/06/28 20:38:29 wazuh-syscheckd: INFO: (6004): No diff for file: '/etc/ssl/private.key'
2024/06/28 20:38:29 wazuh-syscheckd: INFO: (6000): Starting daemon...
2024/06/28 20:38:29 wazuh-syscheckd: INFO: (6010): File integrity monitoring scan frequency: 43200 seconds
2024/06/28 20:38:29 wazuh-syscheckd: INFO: (6008): File integrity monitoring scan started.
2024/06/28 20:38:29 rootcheck: INFO: Starting rootcheck scan.
2024/06/28 20:38:30 wazuh-remoted: INFO: Started (pid: 2626). Listening on port 1514/TCP (secure).
2024/06/28 20:38:30 wazuh-remoted: INFO: (1410): Reading authentication keys file.
2024/06/28 20:38:30 wazuh-analysisd: INFO: Total rules enabled: '6786'
2024/06/28 20:38:30 wazuh-analysisd: INFO: Started (pid: 2580).
2024/06/28 20:38:31 wazuh-logcollector: INFO: Monitoring output of command(360): df -P
2024/06/28 20:38:31 wazuh-logcollector: INFO: Monitoring full output of command(360): netstat -tulpn | sed 's/\([[:alnum:]]\+\)\ \+[[:digit:]]\+\ \+[[:digit:]]\+\ \+\(.*\):\([[:digit:]]*\)\ \+\([0-9\.\:\*]\+\).\+\ \([[:digit:]]*\/[[:alnum:]\-]*\).*/\1 \2 == \3 == \4 \5/' | sort -k 4 -g | sed 's/ == \(.*\) ==/:\1/' | sed 1,2d
2024/06/28 20:38:31 wazuh-logcollector: INFO: Monitoring full output of command(360): last -n 20
2024/06/28 20:38:31 wazuh-logcollector: INFO: (1950): Analyzing file: '/var/ossec/logs/active-responses.log'.
2024/06/28 20:38:31 wazuh-logcollector: INFO: (1950): Analyzing file: '/var/log/auth.log'.
2024/06/28 20:38:31 wazuh-logcollector: INFO: (1950): Analyzing file: '/var/log/syslog'.
2024/06/28 20:38:31 wazuh-logcollector: INFO: (1950): Analyzing file: '/var/log/dpkg.log'.
2024/06/28 20:38:31 wazuh-logcollector: INFO: (1950): Analyzing file: '/var/log/kern.log'.
2024/06/28 20:38:31 wazuh-logcollector: INFO: Started (pid: 2701).
2024/06/28 20:38:32 wazuh-analysisd: INFO: (7200): Logtest started
2024/06/28 20:38:32 wazuh-analysisd: INFO: EPS limit disabled
2024/06/28 20:38:32 wazuh-monitord: INFO: Started (pid: 2788).
2024/06/28 20:38:34 wazuh-modulesd:router: INFO: Loaded router module.
2024/06/28 20:38:34 wazuh-modulesd:content_manager: INFO: Loaded content_manager module.
2024/06/28 20:38:34 wazuh-modulesd: INFO: Started (pid: 2883).
2024/06/28 20:38:34 wazuh-modulesd:ciscat: INFO: Module disabled. Exiting...
2024/06/28 20:38:34 wazuh-modulesd:osquery: INFO: Module disabled. Exiting...
2024/06/28 20:38:34 sca: INFO: Module started.
2024/06/28 20:38:34 sca: INFO: Loaded policy '/var/ossec/ruleset/sca/cis_ubuntu22-04.yml'
2024/06/28 20:38:34 wazuh-modulesd:vulnerability-scanner: INFO: Starting vulnerability_scanner module.
2024/06/28 20:38:34 wazuh-modulesd:router: INFO: Starting router module.
2024/06/28 20:38:34 wazuh-modulesd:content_manager: INFO: Starting content_manager module.
2024/06/28 20:38:34 wazuh-modulesd:database: INFO: Module started.
2024/06/28 20:38:34 wazuh-modulesd:download: INFO: Module started.
2024/06/28 20:38:34 wazuh-modulesd:control: INFO: Starting control thread.
2024/06/28 20:38:34 wazuh-modulesd:agent-upgrade: INFO: (8153): Module Agent Upgrade started.
2024/06/28 20:38:34 sca: INFO: Starting Security Configuration Assessment scan.
2024/06/28 20:38:34 wazuh-modulesd:task-manager: INFO: (8200): Module Task Manager started.
2024/06/28 20:38:34 sca: INFO: Skipping policy '/var/ossec/ruleset/sca/cis_ubuntu22-04.yml': 'Check Ubuntu version.'
2024/06/28 20:38:34 sca: INFO: Security Configuration Assessment scan finished. Duration: 0 seconds.
2024/06/28 20:38:34 wazuh-modulesd:syscollector: INFO: Module started.
2024/06/28 20:38:34 wazuh-modulesd:syscollector: INFO: Starting evaluation.
2024/06/28 20:38:35 wazuh-modulesd:syscollector: INFO: Evaluation finished.
2024/06/28 20:38:35 indexer-connector: WARNING: IndexerConnector initialization failed for index 'wazuh-states-vulnerabilities-b-virtualbox', retrying until the connection is successful.
2024/06/28 20:38:36 wazuh-modulesd:content-updater: ERROR: Action for 'vulnerability_feed_manager' failed: Orchestration run failed: Error -1 from server: Couldn't resolve host name
2024/06/28 20:38:36 wazuh-modulesd:vulnerability-scanner: INFO: Vulnerability scanner module started
2024/06/28 20:38:45 wazuh-syscheckd: INFO: (6009): File integrity monitoring scan ended.
2024/06/28 20:38:45 wazuh-syscheckd: INFO: FIM sync module started.
2024/06/28 20:39:05 indexer-connector: INFO: IndexerConnector initialized successfully for index: wazuh-states-vulnerabilities-b-virtualbox.
2024/06/28 20:40:08 rootcheck: INFO: Ending rootcheck scan.
2024/06/28 20:44:18 wazuh-modulesd:syscollector: INFO: Stop received for Syscollector.
2024/06/28 20:44:18 wazuh-modulesd:syscollector: INFO: Module finished.
2024/06/28 20:44:18 wazuh-modulesd:vulnerability-scanner: INFO: Stopping vulnerability_scanner module.
2024/06/28 20:44:18 wazuh-modulesd:router: INFO: Stopping router module.
2024/06/28 20:44:18 wazuh-modulesd:content_manager: INFO: Stopping content_manager module.
2024/06/28 20:44:19 wazuh-monitord: INFO: (1225): SIGNAL [(15)-(Terminated)] Received. Exit Cleaning...
2024/06/28 20:44:19 wazuh-logcollector: INFO: (1225): SIGNAL [(15)-(Terminated)] Received. Exit Cleaning...
2024/06/28 20:44:19 wazuh-remoted: INFO: (1225): SIGNAL [(15)-(Terminated)] Received. Exit Cleaning...
2024/06/28 20:44:19 wazuh-syscheckd: INFO: (1756): Shutdown received. Releasing resources.
2024/06/28 20:44:19 wazuh-syscheckd: INFO: (1225): SIGNAL [(15)-(Terminated)] Received. Exit Cleaning...
2024/06/28 20:44:19 wazuh-analysisd: INFO: (1225): SIGNAL [(15)-(Terminated)] Received. Exit Cleaning...
2024/06/28 20:44:19 wazuh-execd: INFO: (1314): Shutdown received. Deleting responses.
2024/06/28 20:44:19 wazuh-execd: INFO: (1225): SIGNAL [(15)-(Terminated)] Received. Exit Cleaning...
2024/06/28 20:44:20 wazuh-db: INFO: (1225): SIGNAL [(15)-(Terminated)] Received. Exit Cleaning...
2024/06/28 20:44:21 wazuh-db: INFO: Graceful process shutdown.
2024/06/28 20:44:21 wazuh-authd: INFO: (1225): SIGNAL [(15)-(Terminated)] Received. Exit Cleaning...
2024/06/28 20:44:22 wazuh-authd: INFO: Exiting...
2024/06/28 20:44:58 wazuh-modulesd:router: INFO: Loaded router module.
2024/06/28 20:44:58 wazuh-modulesd:content_manager: INFO: Loaded content_manager module.
2024/06/28 20:45:06 wazuh-csyslogd: INFO: Remote syslog server not configured. Clean exit.
2024/06/28 20:45:06 wazuh-dbd: INFO: Database not configured. Clean exit.
2024/06/28 20:45:07 wazuh-integratord: INFO: Remote integrations not configured. Clean exit.
2024/06/28 20:45:07 wazuh-agentlessd: INFO: Not configured. Exiting.
2024/06/28 20:45:07 wazuh-authd: INFO: Started (pid: 1940).
2024/06/28 20:45:07 wazuh-authd: INFO: Accepting connections on port 1515. No password required.
2024/06/28 20:45:07 wazuh-authd: INFO: Setting network timeout to 1.000000 sec.
2024/06/28 20:45:08 wazuh-db: INFO: Started (pid: 2107).
2024/06/28 20:45:10 wazuh-execd: INFO: Started (pid: 2219).
2024/06/28 20:45:11 wazuh-analysisd: INFO: Total rules enabled: '6786'
2024/06/28 20:45:11 wazuh-analysisd: INFO: Started (pid: 2363).
2024/06/28 20:45:12 wazuh-syscheckd: INFO: Started (pid: 2446).
2024/06/28 20:45:12 wazuh-syscheckd: INFO: (6003): Monitoring path: '/bin', with options 'size | permissions | owner | group | mtime | inode | hash_md5 | hash_sha1 | hash_sha256 | scheduled'.
2024/06/28 20:45:12 wazuh-syscheckd: INFO: (6003): Monitoring path: '/boot', with options 'size | permissions | owner | group | mtime | inode | hash_md5 | hash_sha1 | hash_sha256 | scheduled'.
2024/06/28 20:45:12 wazuh-syscheckd: INFO: (6003): Monitoring path: '/etc', with options 'size | permissions | owner | group | mtime | inode | hash_md5 | hash_sha1 | hash_sha256 | scheduled'.
2024/06/28 20:45:12 wazuh-syscheckd: INFO: (6003): Monitoring path: '/sbin', with options 'size | permissions | owner | group | mtime | inode | hash_md5 | hash_sha1 | hash_sha256 | scheduled'.
2024/06/28 20:45:12 wazuh-syscheckd: INFO: (6003): Monitoring path: '/usr/bin', with options 'size | permissions | owner | group | mtime | inode | hash_md5 | hash_sha1 | hash_sha256 | scheduled'.
2024/06/28 20:45:12 wazuh-syscheckd: INFO: (6003): Monitoring path: '/usr/sbin', with options 'size | permissions | owner | group | mtime | inode | hash_md5 | hash_sha1 | hash_sha256 | scheduled'.
2024/06/28 20:45:12 wazuh-syscheckd: INFO: (6206): Ignore 'file' entry '/etc/mtab'
2024/06/28 20:45:12 wazuh-syscheckd: INFO: (6206): Ignore 'file' entry '/etc/hosts.deny'
2024/06/28 20:45:12 wazuh-syscheckd: INFO: (6206): Ignore 'file' entry '/etc/mail/statistics'
2024/06/28 20:45:12 wazuh-syscheckd: INFO: (6206): Ignore 'file' entry '/etc/random-seed'
2024/06/28 20:45:12 wazuh-syscheckd: INFO: (6206): Ignore 'file' entry '/etc/random.seed'
2024/06/28 20:45:12 wazuh-syscheckd: INFO: (6206): Ignore 'file' entry '/etc/adjtime'
2024/06/28 20:45:12 wazuh-syscheckd: INFO: (6206): Ignore 'file' entry '/etc/httpd/logs'
2024/06/28 20:45:12 wazuh-syscheckd: INFO: (6206): Ignore 'file' entry '/etc/utmpx'
2024/06/28 20:45:12 wazuh-syscheckd: INFO: (6206): Ignore 'file' entry '/etc/wtmpx'
2024/06/28 20:45:12 wazuh-syscheckd: INFO: (6206): Ignore 'file' entry '/etc/cups/certs'
2024/06/28 20:45:12 wazuh-syscheckd: INFO: (6206): Ignore 'file' entry '/etc/dumpdates'
2024/06/28 20:45:12 wazuh-syscheckd: INFO: (6206): Ignore 'file' entry '/etc/svc/volatile'
2024/06/28 20:45:12 wazuh-syscheckd: INFO: (6207): Ignore 'file' sregex '.log$|.swp$'
2024/06/28 20:45:12 wazuh-syscheckd: INFO: (6004): No diff for file: '/etc/ssl/private.key'
2024/06/28 20:45:12 wazuh-syscheckd: INFO: (6000): Starting daemon...
2024/06/28 20:45:12 wazuh-syscheckd: INFO: (6010): File integrity monitoring scan frequency: 43200 seconds
2024/06/28 20:45:12 wazuh-syscheckd: INFO: (6008): File integrity monitoring scan started.
2024/06/28 20:45:12 rootcheck: INFO: Starting rootcheck scan.
2024/06/28 20:45:13 wazuh-remoted: INFO: Started (pid: 2648). Listening on port 1514/TCP (secure).
2024/06/28 20:45:13 wazuh-remoted: INFO: (1410): Reading authentication keys file.
2024/06/28 20:45:14 wazuh-analysisd: INFO: (7200): Logtest started
2024/06/28 20:45:14 wazuh-analysisd: INFO: EPS limit disabled
2024/06/28 20:45:14 wazuh-logcollector: INFO: Monitoring output of command(360): df -P
2024/06/28 20:45:14 wazuh-logcollector: INFO: Monitoring full output of command(360): netstat -tulpn | sed 's/\([[:alnum:]]\+\)\ \+[[:digit:]]\+\ \+[[:digit:]]\+\ \+\(.*\):\([[:digit:]]*\)\ \+\([0-9\.\:\*]\+\).\+\ \([[:digit:]]*\/[[:alnum:]\-]*\).*/\1 \2 == \3 == \4 \5/' | sort -k 4 -g | sed 's/ == \(.*\) ==/:\1/' | sed 1,2d
2024/06/28 20:45:14 wazuh-logcollector: INFO: Monitoring full output of command(360): last -n 20
2024/06/28 20:45:14 wazuh-logcollector: INFO: (1950): Analyzing file: '/var/ossec/logs/active-responses.log'.
2024/06/28 20:45:14 wazuh-logcollector: INFO: (1950): Analyzing file: '/var/log/auth.log'.
2024/06/28 20:45:14 wazuh-logcollector: INFO: (1950): Analyzing file: '/var/log/syslog'.
2024/06/28 20:45:14 wazuh-logcollector: INFO: (1950): Analyzing file: '/var/log/dpkg.log'.
2024/06/28 20:45:14 wazuh-logcollector: INFO: (1950): Analyzing file: '/var/log/kern.log'.
2024/06/28 20:45:14 wazuh-logcollector: INFO: Started (pid: 2782).
2024/06/28 20:45:15 wazuh-monitord: INFO: Started (pid: 2881).
2024/06/28 20:45:16 wazuh-modulesd:router: INFO: Loaded router module.
2024/06/28 20:45:16 wazuh-modulesd:content_manager: INFO: Loaded content_manager module.
2024/06/28 20:45:16 wazuh-modulesd: INFO: Started (pid: 2903).
2024/06/28 20:45:16 wazuh-modulesd:ciscat: INFO: Module disabled. Exiting...
2024/06/28 20:45:16 wazuh-modulesd:osquery: INFO: Module disabled. Exiting...
2024/06/28 20:45:16 sca: INFO: Module started.
2024/06/28 20:45:16 sca: INFO: Loaded policy '/var/ossec/ruleset/sca/cis_ubuntu22-04.yml'
2024/06/28 20:45:16 wazuh-modulesd:vulnerability-scanner: INFO: Starting vulnerability_scanner module.
2024/06/28 20:45:16 wazuh-modulesd:router: INFO: Starting router module.
2024/06/28 20:45:16 wazuh-modulesd:content_manager: INFO: Starting content_manager module.
2024/06/28 20:45:16 wazuh-modulesd:agent-upgrade: INFO: (8153): Module Agent Upgrade started.
2024/06/28 20:45:16 wazuh-modulesd:database: INFO: Module started.
2024/06/28 20:45:16 sca: INFO: Starting Security Configuration Assessment scan.
2024/06/28 20:45:16 wazuh-modulesd:download: INFO: Module started.
2024/06/28 20:45:16 wazuh-modulesd:control: INFO: Starting control thread.
2024/06/28 20:45:16 wazuh-modulesd:task-manager: INFO: (8200): Module Task Manager started.
2024/06/28 20:45:16 sca: INFO: Skipping policy '/var/ossec/ruleset/sca/cis_ubuntu22-04.yml': 'Check Ubuntu version.'
2024/06/28 20:45:16 sca: INFO: Security Configuration Assessment scan finished. Duration: 0 seconds.
2024/06/28 20:45:16 wazuh-modulesd:syscollector: INFO: Module started.
2024/06/28 20:45:16 wazuh-modulesd:syscollector: INFO: Starting evaluation.
2024/06/28 20:45:17 indexer-connector: WARNING: IndexerConnector initialization failed for index 'wazuh-states-vulnerabilities-b-virtualbox', retrying until the connection is successful.
2024/06/28 20:45:17 wazuh-modulesd:syscollector: INFO: Evaluation finished.
2024/06/28 20:45:18 wazuh-modulesd:vulnerability-scanner: INFO: Vulnerability scanner module started
2024/06/28 20:45:33 wazuh-syscheckd: INFO: (6009): File integrity monitoring scan ended.
2024/06/28 20:45:33 wazuh-syscheckd: INFO: FIM sync module started.
2024/06/28 20:45:42 wazuh-modulesd:vulnerability-scanner: INFO: Initiating update feed process
2024/06/28 20:46:21 indexer-connector: INFO: IndexerConnector initialized successfully for index: wazuh-states-vulnerabilities-b-virtualbox.
2024/06/28 20:47:00 rootcheck: INFO: Ending rootcheck scan.
2024/06/28 20:47:24 wazuh-modulesd:syscollector: INFO: Stop received for Syscollector.
2024/06/28 20:47:24 wazuh-modulesd:syscollector: INFO: Module finished.
2024/06/28 20:47:24 wazuh-modulesd:vulnerability-scanner: INFO: Stopping vulnerability_scanner module.
2024/06/28 20:47:24 wazuh-modulesd:vulnerability-scanner: INFO: Feed update interrupted: Module stopped.
2024/06/28 20:47:25 wazuh-modulesd:router: INFO: Stopping router module.
2024/06/28 20:47:25 wazuh-modulesd:content_manager: INFO: Stopping content_manager module.
2024/06/28 20:47:29 wazuh-monitord: INFO: (1225): SIGNAL [(15)-(Terminated)] Received. Exit Cleaning...
2024/06/28 20:47:29 wazuh-logcollector: INFO: (1225): SIGNAL [(15)-(Terminated)] Received. Exit Cleaning...
2024/06/28 20:47:29 wazuh-remoted: INFO: (1225): SIGNAL [(15)-(Terminated)] Received. Exit Cleaning...
2024/06/28 20:47:30 wazuh-syscheckd: INFO: (1756): Shutdown received. Releasing resources.
2024/06/28 20:47:30 wazuh-syscheckd: INFO: (1225): SIGNAL [(15)-(Terminated)] Received. Exit Cleaning...
2024/06/28 20:47:30 wazuh-analysisd: INFO: (1225): SIGNAL [(15)-(Terminated)] Received. Exit Cleaning...
2024/06/28 20:47:30 wazuh-execd: INFO: (1314): Shutdown received. Deleting responses.
2024/06/28 20:47:30 wazuh-execd: INFO: (1225): SIGNAL [(15)-(Terminated)] Received. Exit Cleaning...
2024/06/28 20:47:30 wazuh-db: INFO: (1225): SIGNAL [(15)-(Terminated)] Received. Exit Cleaning...
2024/06/28 20:47:31 wazuh-db: INFO: Graceful process shutdown.
2024/06/28 20:47:31 wazuh-authd: INFO: (1225): SIGNAL [(15)-(Terminated)] Received. Exit Cleaning...
2024/06/28 20:47:32 wazuh-authd: INFO: Exiting...
2024/06/28 20:47:50 wazuh-modulesd:router: INFO: Loaded router module.
2024/06/28 20:47:50 wazuh-modulesd:content_manager: INFO: Loaded content_manager module.
2024/06/28 20:47:54 wazuh-csyslogd: INFO: Remote syslog server not configured. Clean exit.
2024/06/28 20:47:54 wazuh-dbd: INFO: Database not configured. Clean exit.
2024/06/28 20:47:54 wazuh-integratord: INFO: Remote integrations not configured. Clean exit.
2024/06/28 20:47:55 wazuh-agentlessd: INFO: Not configured. Exiting.
2024/06/28 20:47:55 wazuh-authd: INFO: Started (pid: 2068).
2024/06/28 20:47:55 wazuh-authd: INFO: Accepting connections on port 1515. No password required.
2024/06/28 20:47:55 wazuh-authd: INFO: Setting network timeout to 1.000000 sec.
2024/06/28 20:47:56 wazuh-db: INFO: Started (pid: 2084).
2024/06/28 20:47:57 wazuh-execd: INFO: Started (pid: 2109).
2024/06/28 20:47:59 wazuh-analysisd: INFO: Total rules enabled: '6786'
2024/06/28 20:47:59 wazuh-analysisd: INFO: Started (pid: 2124).
2024/06/28 20:47:59 wazuh-syscheckd: INFO: Started (pid: 2141).
2024/06/28 20:47:59 wazuh-syscheckd: INFO: (6003): Monitoring path: '/bin', with options 'size | permissions | owner | group | mtime | inode | hash_md5 | hash_sha1 | hash_sha256 | scheduled'.
2024/06/28 20:47:59 wazuh-syscheckd: INFO: (6003): Monitoring path: '/boot', with options 'size | permissions | owner | group | mtime | inode | hash_md5 | hash_sha1 | hash_sha256 | scheduled'.
2024/06/28 20:47:59 wazuh-syscheckd: INFO: (6003): Monitoring path: '/etc', with options 'size | permissions | owner | group | mtime | inode | hash_md5 | hash_sha1 | hash_sha256 | scheduled'.
2024/06/28 20:47:59 wazuh-syscheckd: INFO: (6003): Monitoring path: '/sbin', with options 'size | permissions | owner | group | mtime | inode | hash_md5 | hash_sha1 | hash_sha256 | scheduled'.
2024/06/28 20:47:59 wazuh-syscheckd: INFO: (6003): Monitoring path: '/usr/bin', with options 'size | permissions | owner | group | mtime | inode | hash_md5 | hash_sha1 | hash_sha256 | scheduled'.
2024/06/28 20:47:59 wazuh-syscheckd: INFO: (6003): Monitoring path: '/usr/sbin', with options 'size | permissions | owner | group | mtime | inode | hash_md5 | hash_sha1 | hash_sha256 | scheduled'.
2024/06/28 20:47:59 wazuh-syscheckd: INFO: (6206): Ignore 'file' entry '/etc/mtab'
2024/06/28 20:47:59 wazuh-syscheckd: INFO: (6206): Ignore 'file' entry '/etc/hosts.deny'
2024/06/28 20:47:59 wazuh-syscheckd: INFO: (6206): Ignore 'file' entry '/etc/mail/statistics'
2024/06/28 20:47:59 wazuh-syscheckd: INFO: (6206): Ignore 'file' entry '/etc/random-seed'
2024/06/28 20:47:59 wazuh-syscheckd: INFO: (6206): Ignore 'file' entry '/etc/random.seed'
2024/06/28 20:47:59 wazuh-syscheckd: INFO: (6206): Ignore 'file' entry '/etc/adjtime'
2024/06/28 20:47:59 wazuh-syscheckd: INFO: (6206): Ignore 'file' entry '/etc/httpd/logs'
2024/06/28 20:47:59 wazuh-syscheckd: INFO: (6206): Ignore 'file' entry '/etc/utmpx'
2024/06/28 20:47:59 wazuh-syscheckd: INFO: (6206): Ignore 'file' entry '/etc/wtmpx'
2024/06/28 20:47:59 wazuh-syscheckd: INFO: (6206): Ignore 'file' entry '/etc/cups/certs'
2024/06/28 20:47:59 wazuh-syscheckd: INFO: (6206): Ignore 'file' entry '/etc/dumpdates'
2024/06/28 20:47:59 wazuh-syscheckd: INFO: (6206): Ignore 'file' entry '/etc/svc/volatile'
2024/06/28 20:47:59 wazuh-syscheckd: INFO: (6207): Ignore 'file' sregex '.log$|.swp$'
2024/06/28 20:47:59 wazuh-syscheckd: INFO: (6004): No diff for file: '/etc/ssl/private.key'
2024/06/28 20:47:59 wazuh-syscheckd: INFO: (6000): Starting daemon...
2024/06/28 20:47:59 wazuh-syscheckd: INFO: (6010): File integrity monitoring scan frequency: 43200 seconds
2024/06/28 20:47:59 wazuh-syscheckd: INFO: (6008): File integrity monitoring scan started.
2024/06/28 20:47:59 rootcheck: INFO: Starting rootcheck scan.
2024/06/28 20:47:59 wazuh-analysisd: INFO: (7200): Logtest started
2024/06/28 20:47:59 wazuh-analysisd: INFO: EPS limit disabled
2024/06/28 20:48:00 wazuh-remoted: INFO: Started (pid: 2188). Listening on port 1514/TCP (secure).
2024/06/28 20:48:00 wazuh-remoted: INFO: (1410): Reading authentication keys file.
2024/06/28 20:48:01 wazuh-logcollector: INFO: Monitoring output of command(360): df -P
2024/06/28 20:48:01 wazuh-logcollector: INFO: Monitoring full output of command(360): netstat -tulpn | sed 's/\([[:alnum:]]\+\)\ \+[[:digit:]]\+\ \+[[:digit:]]\+\ \+\(.*\):\([[:digit:]]*\)\ \+\([0-9\.\:\*]\+\).\+\ \([[:digit:]]*\/[[:alnum:]\-]*\).*/\1 \2 == \3 == \4 \5/' | sort -k 4 -g | sed 's/ == \(.*\) ==/:\1/' | sed 1,2d
2024/06/28 20:48:01 wazuh-logcollector: INFO: Monitoring full output of command(360): last -n 20
2024/06/28 20:48:01 wazuh-logcollector: INFO: (1950): Analyzing file: '/var/ossec/logs/active-responses.log'.
2024/06/28 20:48:01 wazuh-logcollector: INFO: (1950): Analyzing file: '/var/log/auth.log'.
2024/06/28 20:48:01 wazuh-logcollector: INFO: (1950): Analyzing file: '/var/log/syslog'.
2024/06/28 20:48:01 wazuh-logcollector: INFO: (1950): Analyzing file: '/var/log/dpkg.log'.
2024/06/28 20:48:01 wazuh-logcollector: INFO: (1950): Analyzing file: '/var/log/kern.log'.
2024/06/28 20:48:01 wazuh-logcollector: INFO: Started (pid: 2221).
2024/06/28 20:48:02 wazuh-monitord: INFO: Started (pid: 2243).
2024/06/28 20:48:02 wazuh-modulesd:router: INFO: Loaded router module.
2024/06/28 20:48:02 wazuh-modulesd:content_manager: INFO: Loaded content_manager module.
2024/06/28 20:48:02 wazuh-modulesd: INFO: Started (pid: 2253).
2024/06/28 20:48:02 wazuh-modulesd:database: INFO: Module started.
2024/06/28 20:48:02 wazuh-modulesd:ciscat: INFO: Module disabled. Exiting...
2024/06/28 20:48:02 wazuh-modulesd:osquery: INFO: Module disabled. Exiting...
2024/06/28 20:48:02 sca: INFO: Module started.
2024/06/28 20:48:02 sca: INFO: Loaded policy '/var/ossec/ruleset/sca/cis_ubuntu22-04.yml'
2024/06/28 20:48:02 wazuh-modulesd:vulnerability-scanner: INFO: Starting vulnerability_scanner module.
2024/06/28 20:48:02 wazuh-modulesd:router: INFO: Starting router module.
2024/06/28 20:48:02 wazuh-modulesd:content_manager: INFO: Starting content_manager module.
2024/06/28 20:48:02 wazuh-modulesd:agent-upgrade: INFO: (8153): Module Agent Upgrade started.
2024/06/28 20:48:02 wazuh-modulesd:download: INFO: Module started.
2024/06/28 20:48:02 wazuh-modulesd:control: INFO: Starting control thread.
2024/06/28 20:48:02 sca: INFO: Starting Security Configuration Assessment scan.
2024/06/28 20:48:02 wazuh-modulesd:task-manager: INFO: (8200): Module Task Manager started.
2024/06/28 20:48:02 sca: INFO: Skipping policy '/var/ossec/ruleset/sca/cis_ubuntu22-04.yml': 'Check Ubuntu version.'
2024/06/28 20:48:02 sca: INFO: Security Configuration Assessment scan finished. Duration: 0 seconds.
2024/06/28 20:48:03 wazuh-modulesd:syscollector: INFO: Module started.
2024/06/28 20:48:03 wazuh-modulesd:syscollector: INFO: Starting evaluation.
2024/06/28 20:48:03 indexer-connector: WARNING: IndexerConnector initialization failed for index 'wazuh-states-vulnerabilities-b-virtualbox', retrying until the connection is successful.
2024/06/28 20:48:03 wazuh-modulesd:syscollector: INFO: Evaluation finished.
2024/06/28 20:48:04 wazuh-modulesd:vulnerability-scanner: INFO: Vulnerability scanner module started
2024/06/28 20:48:22 wazuh-syscheckd: INFO: (6009): File integrity monitoring scan ended.
2024/06/28 20:48:22 wazuh-syscheckd: INFO: FIM sync module started.
2024/06/28 20:48:26 wazuh-modulesd:vulnerability-scanner: INFO: Initiating update feed process
2024/06/28 20:49:05 indexer-connector: INFO: IndexerConnector initialized successfully for index: wazuh-states-vulnerabilities-b-virtualbox.
2024/06/28 20:49:44 rootcheck: INFO: Ending rootcheck scan.
2024/06/28 20:51:52 wazuh-modulesd:vulnerability-scanner: INFO: Triggered a re-scan after content update
2024/06/28 20:51:52 wazuh-modulesd:vulnerability-scanner: INFO: Feed update process completed
